[INFO] Extracting squashfs filesystem...
Parallel unsquashfs: Using 20 processors
57136 inodes (209274 blocks) to write


created 55279 files
created 6018 directories
created 1735 symlinks
created 0 devices
created 0 fifos
created 0 sockets

==========
== CUDA ==
==========

CUDA Version 12.4.1

Container image Copyright (c) 2016-2023, NVIDIA CORPORATION & AFFILIATES. All rights reserved.

This container image and its contents are governed by the NVIDIA Deep Learning Container License.
By pulling and using the container, you accept the terms and conditions of this license:
https://developer.nvidia.com/ngc/nvidia-deep-learning-container-license

A copy of this license is made available in this container at /NGC-DL-CONTAINER-LICENSE for your convenience.



processing file: paper_code.Rmd
1/2                  
2/2 [unnamed-chunk-1]
INFO  [07:56:10.303] [mlr3] Applying learner 'pca.regr.rpart' on task 'mtcars' (iter 1/3)
INFO  [07:56:10.452] [mlr3] Applying learner 'pca.regr.rpart' on task 'mtcars' (iter 2/3)
INFO  [07:56:10.560] [mlr3] Applying learner 'pca.regr.rpart' on task 'mtcars' (iter 3/3)
curl: HTTP 200 https://torch-cdn.mlverse.org/datasets/dogs-vs-cats.zip
INFO  [08:46:31.368] Training the following weights at the start: fc.weight, fc.bias
INFO  [09:07:29.870] Unfreezing at epoch 3: conv1.weight, bn1.weight, bn1.bias, layer1.0.conv1.weight, layer1.0.bn1.weight, layer1.0.bn1.bias, layer1.0.conv2.weight, layer1.0.bn2.weight, layer1.0.bn2.bias, layer1.1.conv1.weight, layer1.1.bn1.weight, layer1.1.bn1.bias, layer1.1.conv2.weight, layer1.1.bn2.weight, layer1.1.bn2.bias, layer2.0.conv1.weight, layer2.0.bn1.weight, layer2.0.bn1.bias, layer2.0.conv2.weight, layer2.0.bn2.weight, layer2.0.bn2.bias, layer2.0.downsample.0.weight, layer2.0.downsample.1.weight, layer2.0.downsample.1.bias, layer2.1.conv1.weight, layer2.1.bn1.weight, layer2.1.bn1.bias, layer2.1.conv2.weight, layer2.1.bn2.weight, layer2.1.bn2.bias, layer3.0.conv1.weight, layer3.0.bn1.weight, layer3.0.bn1.bias, layer3.0.conv2.weight, layer3.0.bn2.weight, layer3.0.bn2.bias, layer3.0.downsample.0.weight, layer3.0.downsample.1.weight, layer3.0.downsample.1.bias, layer3.1.conv1.weight, layer3.1.bn1.weight, layer3.1.bn1.bias, layer3.1.conv2.weight, layer3.1.bn2.weight, layer3.1.bn2.bias, layer4.0.conv1.weight, layer4.0.bn1.weight, layer4.0.bn1.bias, layer4.0.conv2.weight, layer4.0.bn2.weight, layer4.0.bn2.bias, layer4.0.downsample.0.weight, layer4.0.downsample.1.weight, layer4.0.downsample.1.bias, layer4.1.conv1.weight, layer4.1.bn1.weight, layer4.1.bn1.bias, layer4.1.conv2.weight, layer4.1.bn2.weight, layer4.1.bn2.bias, fc.weight, fc.bias
WARN  [09:38:58.296] Caching (option 'mlr3torch.cache') is disabled, but dataset requires disk storage. This can lead to unexpected behavior.
INFO  [09:38:58.306] Downloading the dataset
INFO  [09:39:04.196] [mlr3] Applying learner 'multimodal' on task 'melanoma' (iter 1/5)
INFO  [09:39:04.234] [mlr3] Applying learner 'multimodal' on task 'melanoma' (iter 2/5)
INFO  [09:39:04.262] [mlr3] Applying learner 'multimodal' on task 'melanoma' (iter 3/5)
INFO  [09:39:04.291] [mlr3] Applying learner 'multimodal' on task 'melanoma' (iter 4/5)
INFO  [09:39:04.319] [mlr3] Applying learner 'multimodal' on task 'melanoma' (iter 5/5)
output file: paper_code.md

[1] "paper_code.md"
Warning message:
In png(..., res = dpi, units = "in") :
  unable to open connection to X11 display ''
