[INFO] Extracting squashfs filesystem...
Parallel unsquashfs: Using 20 processors
58086 inodes (211756 blocks) to write


created 56225 files
created 6176 directories
created 1739 symlinks
created 0 devices
created 0 fifos
created 0 sockets

==========
== CUDA ==
==========

CUDA Version 12.6.1

Container image Copyright (c) 2016-2023, NVIDIA CORPORATION & AFFILIATES. All rights reserved.

This container image and its contents are governed by the NVIDIA Deep Learning Container License.
By pulling and using the container, you accept the terms and conditions of this license:
https://developer.nvidia.com/ngc/nvidia-deep-learning-container-license

A copy of this license is made available in this container at /NGC-DL-CONTAINER-LICENSE for your convenience.

bash: line 3: conda: command not found


processing file: paper_code.Rmd
1/6                  
2/6 [unnamed-chunk-1]
3/6                  
4/6 [unnamed-chunk-2]
