[INFO] Extracting squashfs filesystem...
Parallel unsquashfs: Using 20 processors
57832 inodes (209999 blocks) to write


created 55975 files
created 6137 directories
created 1735 symlinks
created 0 devices
created 0 fifos
created 0 sockets

==========
== CUDA ==
==========

CUDA Version 12.4.1

Container image Copyright (c) 2016-2023, NVIDIA CORPORATION & AFFILIATES. All rights reserved.

This container image and its contents are governed by the NVIDIA Deep Learning Container License.
By pulling and using the container, you accept the terms and conditions of this license:
https://developer.nvidia.com/ngc/nvidia-deep-learning-container-license

A copy of this license is made available in this container at /NGC-DL-CONTAINER-LICENSE for your convenience.

bash: line 3: conda: command not found


processing file: paper_code.Rmd
1/6                  
2/6 [unnamed-chunk-1]
3/6                  
4/6 [unnamed-chunk-2]
Error in packageVersion(pkg) : there is no package called 'rlang'
Calls: <Anonymous> ... .handleSimpleError -> h -> <Anonymous> -> packageVersion
In addition: Warning message:
In png(..., res = dpi, units = "in") :
  unable to open connection to X11 display ''
Error in packageVersion(pkg) : there is no package called 'rlang'
Calls: <Anonymous> ... .handleSimpleError -> h -> <Anonymous> -> packageVersion
Error in setwd(wd) : cannot change working directory
Calls: <Anonymous> -> process_file -> <Anonymous> -> handler -> setwd
Execution halted
