This is pdfTeX, Version 3.141592653-2.6-1.40.27 (TeX Live 2025) (preloaded format=pdflatex 2025.4.1)  8 APR 2025 15:18
entering extended mode
 restricted \write18 enabled.
 file:line:error style messages enabled.
 %&-line parsing enabled.
**/Users/sebi/mlr/mlr3torch/paper/paper.tex
(/Users/sebi/mlr/mlr3torch/paper/paper.tex
LaTeX2e <2024-11-01> patch level 2
L3 programming layer <2025-01-18>

/Users/sebi/mlr/mlr3torch/paper/paper.tex:1: LaTeX Error: There's no line here to end.

See the LaTeX manual or LaTeX Companion for explanation.
Type  H <return>  for immediate help.
 ...                                              
                                                  
l.1 \\d
       ocumentclass[article]{jss}
Your command was ignored.
Type  I <command> <return>  to replace it with another command,
or  <return>  to continue without it.


/Users/sebi/mlr/mlr3torch/paper/paper.tex:1: LaTeX Error: Missing \begin{document}.

See the LaTeX manual or LaTeX Companion for explanation.
Type  H <return>  for immediate help.
 ...                                              
                                                  
l.1 \\d
       ocumentclass[article]{jss}
You're in trouble here.  Try typing  <return>  to proceed.
If that doesn't work, type  X <return>  to quit.

Missing character: There is no d in font nullfont!
Missing character: There is no o in font nullfont!
Missing character: There is no c in font nullfont!
Missing character: There is no u in font nullfont!
Missing character: There is no m in font nullfont!
Missing character: There is no e in font nullfont!
Missing character: There is no n in font nullfont!
Missing character: There is no t in font nullfont!
Missing character: There is no c in font nullfont!
Missing character: There is no l in font nullfont!
Missing character: There is no a in font nullfont!
Missing character: There is no s in font nullfont!
Missing character: There is no s in font nullfont!
Missing character: There is no [ in font nullfont!
Missing character: There is no a in font nullfont!
Missing character: There is no r in font nullfont!
Missing character: There is no t in font nullfont!
Missing character: There is no i in font nullfont!
Missing character: There is no c in font nullfont!
Missing character: There is no l in font nullfont!
Missing character: There is no e in font nullfont!
Missing character: There is no ] in font nullfont!
Missing character: There is no j in font nullfont!
Missing character: There is no s in font nullfont!
Missing character: There is no s in font nullfont!

Overfull \hbox (20.0pt too wide) in paragraph at lines 1--2
[] 
 []


/Users/sebi/mlr/mlr3torch/paper/paper.tex:6: LaTeX Error: \usepackage before \documentclass.

See the LaTeX manual or LaTeX Companion for explanation.
Type  H <return>  for immediate help.
 ...                                              
                                                  
l.6 \usepackage{
                thumbpdf,lmodern}
\usepackage may only appear in the document preamble, i.e.,
between \documentclass and \begin{document}.


/Users/sebi/mlr/mlr3torch/paper/paper.tex:9: LaTeX Error: \usepackage before \documentclass.

See the LaTeX manual or LaTeX Companion for explanation.
Type  H <return>  for immediate help.
 ...                                              
                                                  
l.9 \usepackage{
                framed}
\usepackage may only appear in the document preamble, i.e.,
between \documentclass and \begin{document}.


/Users/sebi/mlr/mlr3torch/paper/paper.tex:10: LaTeX Error: \usepackage before \documentclass.

See the LaTeX manual or LaTeX Companion for explanation.
Type  H <return>  for immediate help.
 ...                                              
                                                  
l.10 \usepackage{
                 amsmath,amsthm}
\usepackage may only appear in the document preamble, i.e.,
between \documentclass and \begin{document}.


/Users/sebi/mlr/mlr3torch/paper/paper.tex:11: LaTeX Error: \usepackage before \documentclass.

See the LaTeX manual or LaTeX Companion for explanation.
Type  H <return>  for immediate help.
 ...                                              
                                                  
l.11 \usepackage{
                 amsfonts}
\usepackage may only appear in the document preamble, i.e.,
between \documentclass and \begin{document}.


/Users/sebi/mlr/mlr3torch/paper/paper.tex:12: LaTeX Error: \usepackage before \documentclass.

See the LaTeX manual or LaTeX Companion for explanation.
Type  H <return>  for immediate help.
 ...                                              
                                                  
l.12 \usepackage{
                 amssymb}
\usepackage may only appear in the document preamble, i.e.,
between \documentclass and \begin{document}.


/Users/sebi/mlr/mlr3torch/paper/paper.tex:13: LaTeX Error: \usepackage before \documentclass.

See the LaTeX manual or LaTeX Companion for explanation.
Type  H <return>  for immediate help.
 ...                                              
                                                  
l.13 \usepackage{
                 rotating}
\usepackage may only appear in the document preamble, i.e.,
between \documentclass and \begin{document}.


/Users/sebi/mlr/mlr3torch/paper/paper.tex:14: LaTeX Error: \usepackage before \documentclass.

See the LaTeX manual or LaTeX Companion for explanation.
Type  H <return>  for immediate help.
 ...                                              
                                                  
l.14 \usepackage{
                 orcidlink}
\usepackage may only appear in the document preamble, i.e.,
between \documentclass and \begin{document}.


/Users/sebi/mlr/mlr3torch/paper/paper.tex:15: LaTeX Error: \usepackage before \documentclass.

See the LaTeX manual or LaTeX Companion for explanation.
Type  H <return>  for immediate help.
 ...                                              
                                                  
l.15 \usepackage{
                 enumerate}
\usepackage may only appear in the document preamble, i.e.,
between \documentclass and \begin{document}.


/Users/sebi/mlr/mlr3torch/paper/paper.tex:16: LaTeX Error: \usepackage before \documentclass.

See the LaTeX manual or LaTeX Companion for explanation.
Type  H <return>  for immediate help.
 ...                                              
                                                  
l.16 \usepackage{
                 float} % to allow H for figure position
\usepackage may only appear in the document preamble, i.e.,
between \documentclass and \begin{document}.


/Users/sebi/mlr/mlr3torch/paper/paper.tex:17: LaTeX Error: \usepackage before \documentclass.

See the LaTeX manual or LaTeX Companion for explanation.
Type  H <return>  for immediate help.
 ...                                              
                                                  
l.17 \usepackage{
                 longtable}
\usepackage may only appear in the document preamble, i.e.,
between \documentclass and \begin{document}.


/Users/sebi/mlr/mlr3torch/paper/paper.tex:18: LaTeX Error: \usepackage before \documentclass.

See the LaTeX manual or LaTeX Companion for explanation.
Type  H <return>  for immediate help.
 ...                                              
                                                  
l.18 \usepackage[tableposition=below]{
                                      caption}
\usepackage may only appear in the document preamble, i.e.,
between \documentclass and \begin{document}.

/Users/sebi/mlr/mlr3torch/paper/paper.tex:19: Undefined control sequence.
l.19 \captionsetup
                  [longtable]{skip=0.9em}
The control sequence at the end of the top line
of your error message was never \def'ed. If you have
misspelled it (e.g., `\hobx'), type `I' and the correct
spelling (e.g., `I\hbox'). Otherwise just continue,
and I'll forget about whatever was undefined.


/Users/sebi/mlr/mlr3torch/paper/paper.tex:19: LaTeX Error: Missing \begin{document}.

See the LaTeX manual or LaTeX Companion for explanation.
Type  H <return>  for immediate help.
 ...                                              
                                                  
l.19 \captionsetup[
                   longtable]{skip=0.9em}
You're in trouble here.  Try typing  <return>  to proceed.
If that doesn't work, type  X <return>  to quit.

Missing character: There is no [ in font nullfont!
Missing character: There is no l in font nullfont!
Missing character: There is no o in font nullfont!
Missing character: There is no n in font nullfont!
Missing character: There is no g in font nullfont!
Missing character: There is no t in font nullfont!
Missing character: There is no a in font nullfont!
Missing character: There is no b in font nullfont!
Missing character: There is no l in font nullfont!
Missing character: There is no e in font nullfont!
Missing character: There is no ] in font nullfont!
Missing character: There is no s in font nullfont!
Missing character: There is no k in font nullfont!
Missing character: There is no i in font nullfont!
Missing character: There is no p in font nullfont!
Missing character: There is no = in font nullfont!
Missing character: There is no 0 in font nullfont!
Missing character: There is no . in font nullfont!
Missing character: There is no 9 in font nullfont!
Missing character: There is no e in font nullfont!
Missing character: There is no m in font nullfont!

/Users/sebi/mlr/mlr3torch/paper/paper.tex:20: LaTeX Error: \usepackage before \documentclass.

See the LaTeX manual or LaTeX Companion for explanation.
Type  H <return>  for immediate help.
 ...                                              
                                                  
l.20 \usepackage{
                 subcaption}
\usepackage may only appear in the document preamble, i.e.,
between \documentclass and \begin{document}.


/Users/sebi/mlr/mlr3torch/paper/paper.tex:21: LaTeX Error: \usepackage before \documentclass.

See the LaTeX manual or LaTeX Companion for explanation.
Type  H <return>  for immediate help.
 ...                                              
                                                  
l.21 \usepackage{
                 cleveref}
\usepackage may only appear in the document preamble, i.e.,
between \documentclass and \begin{document}.


/Users/sebi/mlr/mlr3torch/paper/paper.tex:22: LaTeX Error: \usepackage before \documentclass.

See the LaTeX manual or LaTeX Companion for explanation.
Type  H <return>  for immediate help.
 ...                                              
                                                  
l.22 \usepackage{
                 todonotes}
\usepackage may only appear in the document preamble, i.e.,
between \documentclass and \begin{document}.


/Users/sebi/mlr/mlr3torch/paper/paper.tex:23: LaTeX Error: \usepackage before \documentclass.

See the LaTeX manual or LaTeX Companion for explanation.
Type  H <return>  for immediate help.
 ...                                              
                                                  
l.23 \usepackage{
                 enumitem}
\usepackage may only appear in the document preamble, i.e.,
between \documentclass and \begin{document}.


Overfull \hbox (20.0pt too wide) in paragraph at lines 19--24
[]
 []


/Users/sebi/mlr/mlr3torch/paper/paper.tex:27: LaTeX Error: \usepackage before \documentclass.

See the LaTeX manual or LaTeX Companion for explanation.
Type  H <return>  for immediate help.
 ...                                              
                                                  
l.27 \usepackage{
                 lmodern}
\usepackage may only appear in the document preamble, i.e.,
between \documentclass and \begin{document}.


/Users/sebi/mlr/mlr3torch/paper/paper.tex:30: LaTeX Error: \usepackage before \documentclass.

See the LaTeX manual or LaTeX Companion for explanation.
Type  H <return>  for immediate help.
 ...                                              
                                                  
l.30 \usepackage[]{
                   changes}
\usepackage may only appear in the document preamble, i.e.,
between \documentclass and \begin{document}.


/Users/sebi/mlr/mlr3torch/paper/paper.tex:33: LaTeX Error: \usepackage before \documentclass.

See the LaTeX manual or LaTeX Companion for explanation.
Type  H <return>  for immediate help.
 ...                                              
                                                  
l.33 \usepackage{
                 algorithm}
\usepackage may only appear in the document preamble, i.e.,
between \documentclass and \begin{document}.


/Users/sebi/mlr/mlr3torch/paper/paper.tex:34: LaTeX Error: \usepackage before \documentclass.

See the LaTeX manual or LaTeX Companion for explanation.
Type  H <return>  for immediate help.
 ...                                              
                                                  
l.34 \usepackage{
                 algorithmic}
\usepackage may only appear in the document preamble, i.e.,
between \documentclass and \begin{document}.

/Users/sebi/mlr/mlr3torch/paper/paper.tex:39: Undefined control sequence.
l.39 \theoremstyle
                  {definition}
The control sequence at the end of the top line
of your error message was never \def'ed. If you have
misspelled it (e.g., `\hobx'), type `I' and the correct
spelling (e.g., `I\hbox'). Otherwise just continue,
and I'll forget about whatever was undefined.


/Users/sebi/mlr/mlr3torch/paper/paper.tex:39: LaTeX Error: Missing \begin{document}.

See the LaTeX manual or LaTeX Companion for explanation.
Type  H <return>  for immediate help.
 ...                                              
                                                  
l.39 \theoremstyle{d
                    efinition}
You're in trouble here.  Try typing  <return>  to proceed.
If that doesn't work, type  X <return>  to quit.

Missing character: There is no d in font nullfont!
Missing character: There is no e in font nullfont!
Missing character: There is no f in font nullfont!
Missing character: There is no i in font nullfont!
Missing character: There is no n in font nullfont!
Missing character: There is no i in font nullfont!
Missing character: There is no t in font nullfont!
Missing character: There is no i in font nullfont!
Missing character: There is no o in font nullfont!
Missing character: There is no n in font nullfont!
\c@definition=\count196

Overfull \hbox (20.0pt too wide) in paragraph at lines 39--41
[] 
 []


! LaTeX Error: File `notation.tex' not found.

Type X to quit or <RETURN> to proceed,
or enter new name. (Default extension: tex)

Enter file name: 
/Users/sebi/mlr/mlr3torch/paper/paper.tex:42: Emergency stop.
<read *> 
         
l.42 \input{notation.tex}
                         ^^M
*** (cannot \read from terminal in nonstop modes)

 
Here is how much of TeX's memory you used:
 27 strings out of 473190
 565 string characters out of 5715801
 391984 words of memory out of 5000000
 23379 multiletter control sequences out of 15000+600000
 558837 words of font info for 36 fonts, out of 8000000 for 9000
 1141 hyphenation exceptions out of 8191
 16i,0n,26p,124b,18s stack positions out of 10000i,1000n,20000p,200000b,200000s
/Users/sebi/mlr/mlr3torch/paper/paper.tex:42:  ==> Fatal error occurred, no output PDF file produced!
